<?xml version="1.0" encoding="UTF-8"?>
<testsuites name="jest tests" tests="1" failures="0" errors="0" time="5.932">
  <testsuite name="Login Component" errors="0" failures="0" skipped="0" timestamp="2023-06-20T17:30:25" time="1.831" tests="1">
    <testcase classname="Login Component render Login without error" name="Login Component render Login without error" time="0.035">
    </testcase>
  </testsuite>
</testsuites>